build/app/intermediates/manifest_merge_blame_file/debug/manifest-merger-blame-debug-report.txt
1<?xml version="1.0" encoding="utf-8"?>
2<manifest xmlns:android="http://schemas.android.com/apk/res/android"
3    package="com.example.spocify"
4    android:versionCode="1"
5    android:versionName="1.0.0" >
6
7    <uses-sdk
8        android:minSdkVersion="19"
9        android:targetSdkVersion="33" />
10    <!--
11         The INTERNET permission is required for development. Specifically,
12         the Flutter tool needs it to communicate with the running application
13         to allow setting breakpoints, to provide hot reload, etc.
14    -->
15    <uses-permission android:name="android.permission.INTERNET" />
15-->src\main\AndroidManifest.xml:2:5-66
15-->src\main\AndroidManifest.xml:2:22-64
16    <uses-permission android:name="android.permission.WRITE_EXTERNAL_STORAGE" />
16-->src\main\AndroidManifest.xml:3:5-81
16-->src\main\AndroidManifest.xml:3:22-78
17    <uses-permission
17-->src\main\AndroidManifest.xml:4:5-80
18        android:name="android.permission.READ_EXTERNAL_STORAGE"
18-->src\main\AndroidManifest.xml:4:22-77
19        android:maxSdkVersion="32" />
19-->[:file_picker] AndroidManifest.xml:11:9-35
20    <uses-permission android:name="android.permission.MANAGE_EXTERNAL_STORAGE" />
20-->src\main\AndroidManifest.xml:5:5-82
20-->src\main\AndroidManifest.xml:5:22-79
21    <!--
22 Required to query activities that can process text, see:
23         https://developer.android.com/training/package-visibility?hl=en and
24         https://developer.android.com/reference/android/content/Intent#ACTION_PROCESS_TEXT.
25
26         In particular, this is used by the Flutter engine in io.flutter.plugin.text.ProcessTextPlugin.
27    -->
28    <queries>
28-->src\main\AndroidManifest.xml:42:5-47:15
29        <intent>
29-->src\main\AndroidManifest.xml:43:9-46:18
30            <action android:name="android.intent.action.PROCESS_TEXT" />
30-->src\main\AndroidManifest.xml:44:13-72
30-->src\main\AndroidManifest.xml:44:21-70
31
32            <data android:mimeType="text/plain" />
32-->src\main\AndroidManifest.xml:45:13-50
32-->src\main\AndroidManifest.xml:45:19-48
33        </intent>
34        <intent>
34-->[:file_picker] AndroidManifest.xml:14:9-18:18
35            <action android:name="android.intent.action.GET_CONTENT" />
35-->[:file_picker] AndroidManifest.xml:15:13-72
35-->[:file_picker] AndroidManifest.xml:15:21-69
36
37            <data android:mimeType="*/*" />
37-->src\main\AndroidManifest.xml:45:13-50
37-->src\main\AndroidManifest.xml:45:19-48
38        </intent>
39        <intent>
39-->[androidx.media2:media2-session:1.2.1] AndroidManifest.xml:25:9-27:18
40            <action android:name="android.media.browse.MediaBrowserService" />
40-->[androidx.media2:media2-session:1.2.1] AndroidManifest.xml:26:13-79
40-->[androidx.media2:media2-session:1.2.1] AndroidManifest.xml:26:21-76
41        </intent>
42        <intent>
42-->[androidx.media2:media2-session:1.2.1] AndroidManifest.xml:28:9-30:18
43            <action android:name="androidx.media2.session.MediaSessionService" />
43-->[androidx.media2:media2-session:1.2.1] AndroidManifest.xml:29:13-82
43-->[androidx.media2:media2-session:1.2.1] AndroidManifest.xml:29:21-79
44        </intent>
45        <intent>
45-->[androidx.media2:media2-session:1.2.1] AndroidManifest.xml:31:9-33:18
46            <action android:name="androidx.media2.session.MediaLibraryService" />
46-->[androidx.media2:media2-session:1.2.1] AndroidManifest.xml:32:13-82
46-->[androidx.media2:media2-session:1.2.1] AndroidManifest.xml:32:21-79
47        </intent>
48    </queries>
49
50    <uses-permission android:name="android.permission.ACCESS_NETWORK_STATE" />
50-->[com.google.android.exoplayer:exoplayer-core:2.18.7] AndroidManifest.xml:24:5-79
50-->[com.google.android.exoplayer:exoplayer-core:2.18.7] AndroidManifest.xml:24:22-76
51
52    <permission
52-->[androidx.core:core:1.9.0] AndroidManifest.xml:22:5-24:47
53        android:name="com.example.spocify.DYNAMIC_RECEIVER_NOT_EXPORTED_PERMISSION"
53-->[androidx.core:core:1.9.0] AndroidManifest.xml:23:9-81
54        android:protectionLevel="signature" />
54-->[androidx.core:core:1.9.0] AndroidManifest.xml:24:9-44
55
56    <uses-permission android:name="com.example.spocify.DYNAMIC_RECEIVER_NOT_EXPORTED_PERMISSION" />
56-->[androidx.core:core:1.9.0] AndroidManifest.xml:26:5-97
56-->[androidx.core:core:1.9.0] AndroidManifest.xml:26:22-94
57
58    <application
59        android:name="android.app.Application"
60        android:appComponentFactory="androidx.core.app.CoreComponentFactory"
60-->[androidx.core:core:1.9.0] AndroidManifest.xml:28:18-86
61        android:debuggable="true"
62        android:icon="@mipmap/ic_launcher"
63        android:label="spocify" >
64        <activity
65            android:name="com.example.spocify.MainActivity"
66            android:configChanges="orientation|keyboardHidden|keyboard|screenSize|smallestScreenSize|locale|layoutDirection|fontScale|screenLayout|density|uiMode"
67            android:exported="true"
68            android:hardwareAccelerated="true"
69            android:launchMode="singleTop"
70            android:theme="@style/LaunchTheme"
71            android:windowSoftInputMode="adjustResize" >
72
73            <!--
74                 Specifies an Android theme to apply to this Activity as soon as
75                 the Android process has started. This theme is visible to the user
76                 while the Flutter UI initializes. After that, this theme continues
77                 to determine the Window background behind the Flutter UI.
78            -->
79            <meta-data
80                android:name="io.flutter.embedding.android.NormalTheme"
81                android:resource="@style/NormalTheme" />
82
83            <intent-filter>
84                <action android:name="android.intent.action.MAIN" />
85
86                <category android:name="android.intent.category.LAUNCHER" />
87            </intent-filter>
88        </activity>
89        <!--
90             Don't delete the meta-data below.
91             This is used by the Flutter tool to generate GeneratedPluginRegistrant.java
92        -->
93        <meta-data
94            android:name="flutterEmbedding"
95            android:value="2" />
96
97        <provider
97-->[:open_file] AndroidManifest.xml:11:9-20:20
98            android:name="com.crazecoder.openfile.FileProvider"
98-->[:open_file] AndroidManifest.xml:12:13-64
99            android:authorities="com.example.spocify.fileProvider.com.crazecoder.openfile"
99-->[:open_file] AndroidManifest.xml:13:13-88
100            android:exported="false"
100-->[:open_file] AndroidManifest.xml:14:13-37
101            android:grantUriPermissions="true" >
101-->[:open_file] AndroidManifest.xml:15:13-47
102            <meta-data
102-->[:open_file] AndroidManifest.xml:17:13-19:53
103                android:name="android.support.FILE_PROVIDER_PATHS"
103-->[:open_file] AndroidManifest.xml:18:17-67
104                android:resource="@xml/filepaths" />
104-->[:open_file] AndroidManifest.xml:19:17-50
105        </provider>
106
107        <uses-library
107-->[androidx.window:window:1.0.0-beta04] AndroidManifest.xml:25:9-27:40
108            android:name="androidx.window.extensions"
108-->[androidx.window:window:1.0.0-beta04] AndroidManifest.xml:26:13-54
109            android:required="false" />
109-->[androidx.window:window:1.0.0-beta04] AndroidManifest.xml:27:13-37
110        <uses-library
110-->[androidx.window:window:1.0.0-beta04] AndroidManifest.xml:28:9-30:40
111            android:name="androidx.window.sidecar"
111-->[androidx.window:window:1.0.0-beta04] AndroidManifest.xml:29:13-51
112            android:required="false" />
112-->[androidx.window:window:1.0.0-beta04] AndroidManifest.xml:30:13-37
113
114        <provider
114-->[androidx.emoji2:emoji2:1.2.0] AndroidManifest.xml:24:9-32:20
115            android:name="androidx.startup.InitializationProvider"
115-->[androidx.emoji2:emoji2:1.2.0] AndroidManifest.xml:25:13-67
116            android:authorities="com.example.spocify.androidx-startup"
116-->[androidx.emoji2:emoji2:1.2.0] AndroidManifest.xml:26:13-68
117            android:exported="false" >
117-->[androidx.emoji2:emoji2:1.2.0] AndroidManifest.xml:27:13-37
118            <meta-data
118-->[androidx.emoji2:emoji2:1.2.0] AndroidManifest.xml:29:13-31:52
119                android:name="androidx.emoji2.text.EmojiCompatInitializer"
119-->[androidx.emoji2:emoji2:1.2.0] AndroidManifest.xml:30:17-75
120                android:value="androidx.startup" />
120-->[androidx.emoji2:emoji2:1.2.0] AndroidManifest.xml:31:17-49
121            <meta-data
121-->[androidx.lifecycle:lifecycle-process:2.4.1] AndroidManifest.xml:31:13-33:52
122                android:name="androidx.lifecycle.ProcessLifecycleInitializer"
122-->[androidx.lifecycle:lifecycle-process:2.4.1] AndroidManifest.xml:32:17-78
123                android:value="androidx.startup" />
123-->[androidx.lifecycle:lifecycle-process:2.4.1] AndroidManifest.xml:33:17-49
124        </provider>
125    </application>
126
127</manifest>